Sun Oct 22 2017 22:45:18 GMT-0500 (CDT): GET /
Sun Oct 22 2017 22:45:18 GMT-0500 (CDT): GET /favicon.ico
Sun Oct 22 2017 22:47:58 GMT-0500 (CDT): GET /
Sun Oct 22 2017 22:51:49 GMT-0500 (CDT): GET /
Sun Oct 22 2017 22:51:54 GMT-0500 (CDT): GET /
Sun Oct 22 2017 22:51:56 GMT-0500 (CDT): GET /about
Sun Oct 22 2017 22:53:41 GMT-0500 (CDT): GET /
Sun Oct 22 2017 22:55:33 GMT-0500 (CDT): GET /
Sun Oct 22 2017 23:00:33 GMT-0500 (CDT): GET /
Sun Oct 22 2017 23:01:23 GMT-0500 (CDT): GET /
Sun Oct 22 2017 23:04:22 GMT-0500 (CDT): GET /?
Sun Oct 22 2017 23:13:03 GMT-0500 (CDT): GET /?
Sun Oct 22 2017 23:17:31 GMT-0500 (CDT): GET /?
Sun Oct 22 2017 23:18:19 GMT-0500 (CDT): GET /?
Sun Oct 22 2017 23:35:40 GMT-0500 (CDT): GET /?
Sun Oct 22 2017 23:43:44 GMT-0500 (CDT): GET /?
Mon Oct 23 2017 00:04:03 GMT-0500 (CDT): GET /?
Mon Oct 23 2017 00:04:25 GMT-0500 (CDT): GET /?
Mon Oct 23 2017 00:05:51 GMT-0500 (CDT): GET /?
Mon Oct 23 2017 00:14:08 GMT-0500 (CDT): GET /?
Mon Oct 23 2017 00:20:17 GMT-0500 (CDT): GET /?
Mon Oct 23 2017 00:42:48 GMT-0500 (CDT): GET /?
Mon Oct 23 2017 00:44:18 GMT-0500 (CDT): GET /?
Mon Oct 23 2017 00:45:54 GMT-0500 (CDT): GET /?
Mon Oct 23 2017 00:46:56 GMT-0500 (CDT): GET /?
Mon Oct 23 2017 00:47:40 GMT-0500 (CDT): GET /?
Mon Oct 23 2017 00:51:33 GMT-0500 (CDT): GET /?
Mon Oct 23 2017 00:53:15 GMT-0500 (CDT): GET /?
Mon Oct 23 2017 00:55:20 GMT-0500 (CDT): GET /?
Mon Oct 23 2017 00:55:41 GMT-0500 (CDT): GET /?
Mon Oct 23 2017 00:56:33 GMT-0500 (CDT): GET /?
Tue Oct 24 2017 23:41:03 GMT-0500 (CDT): GET /
Tue Oct 24 2017 23:41:03 GMT-0500 (CDT): GET /favicon.ico
Tue Oct 24 2017 23:41:14 GMT-0500 (CDT): GET /hello
Tue Oct 24 2017 23:47:41 GMT-0500 (CDT): GET /
Tue Oct 24 2017 23:47:43 GMT-0500 (CDT): GET /hello
Tue Oct 24 2017 23:47:44 GMT-0500 (CDT): GET /
Tue Oct 24 2017 23:47:46 GMT-0500 (CDT): GET /sup
Tue Oct 24 2017 23:47:50 GMT-0500 (CDT): GET /
Tue Oct 24 2017 23:47:52 GMT-0500 (CDT): GET /hello
Tue Oct 24 2017 23:47:53 GMT-0500 (CDT): GET /
Tue Oct 24 2017 23:48:49 GMT-0500 (CDT): GET /
Tue Oct 24 2017 23:48:50 GMT-0500 (CDT): GET /hello
Tue Oct 24 2017 23:48:51 GMT-0500 (CDT): GET /
Tue Oct 24 2017 23:48:52 GMT-0500 (CDT): GET /sup
Tue Oct 24 2017 23:48:55 GMT-0500 (CDT): GET /
Wed Oct 25 2017 01:13:06 GMT-0500 (CDT): GET /
Wed Oct 25 2017 01:14:57 GMT-0500 (CDT): GET /
Wed Oct 25 2017 01:14:58 GMT-0500 (CDT): GET /hello
Wed Oct 25 2017 01:15:00 GMT-0500 (CDT): GET /sup
Wed Oct 25 2017 01:15:32 GMT-0500 (CDT): GET /
Wed Oct 25 2017 01:15:35 GMT-0500 (CDT): GET /hello
Wed Oct 25 2017 01:15:36 GMT-0500 (CDT): GET /
